
*** Running vivado
    with args -log top.vds -m64 -product Vivado -mode batch -messageDb vivado.pb -notrace -source top.tcl



****** Vivado v2025.2 (64-bit)
  **** SW Build 6299465 on Fri Nov 14 19:35:11 GMT 2025
  **** IP Build 6300035 on Fri Nov 14 10:48:45 MST 2025
  **** SharedData Build 6298862 on Thu Nov 13 04:50:51 MST 2025
  **** Start of session at: Wed Jan 14 17:22:07 2026
    ** Copyright 1986-2022 Xilinx, Inc. All Rights Reserved.
    ** Copyright 2022-2025 Advanced Micro Devices, Inc. All Rights Reserved.

source top.tcl -notrace
create_project: Time (s): cpu = 00:00:11 ; elapsed = 00:00:10 . Memory (MB): peak = 526.910 ; gain = 218.680
Command: read_checkpoint -auto_incremental -incremental C:/Users/DasNiko/Documents/GitHub/VHDL/eece351/lab_9/lab_9.srcs/utils_1/imports/synth_1/top.dcp
INFO: [Vivado 12-5825] Read reference checkpoint from C:/Users/DasNiko/Documents/GitHub/VHDL/eece351/lab_9/lab_9.srcs/utils_1/imports/synth_1/top.dcp for incremental synthesis
INFO: [Vivado 12-7989] Please ensure there are no constraint changes
Command: synth_design -top top -part xc7a35tcpg236-1
Starting synth_design
Attempting to get a license for feature 'Synthesis' and/or device 'xc7a35t'
INFO: [Common 17-349] Got license for feature 'Synthesis' and/or device 'xc7a35t'
WARNING: [Vivado_Tcl 4-1809] The reference checkpoint is from an old version of Vivado; A full resynthesis flow will be run
INFO: [Device 21-403] Loading part xc7a35tcpg236-1
INFO: [Designutils 20-5440] No compile time benefit to using incremental synthesis; A full resynthesis will be run
INFO: [Designutils 20-4379] Flow is switching to default flow due to incremental criteria not met. If you would like to alter this behaviour and have the flow terminate instead, please set the following parameter config_implementation {autoIncr.Synth.RejectBehavior Terminate}
INFO: [Synth 8-7079] Multithreading enabled for synth_design using a maximum of 2 processes.
INFO: [Synth 8-7078] Launching helper process for spawning children vivado processes
INFO: [Synth 8-7075] Helper process launched with PID 28608
---------------------------------------------------------------------------------
Starting RTL Elaboration : Time (s): cpu = 00:00:05 ; elapsed = 00:00:06 . Memory (MB): peak = 1264.023 ; gain = 543.625
---------------------------------------------------------------------------------
ERROR: [Synth 8-2757] this construct is only supported in VHDL 1076-2008 [C:/Users/DasNiko/Documents/GitHub/VHDL/eece351/lab_9/lab_9.srcs/sources_1/new/vending_machine.vhd:26]
ERROR: [Synth 8-2757] this construct is only supported in VHDL 1076-2008 [C:/Users/DasNiko/Documents/GitHub/VHDL/eece351/lab_9/lab_9.srcs/sources_1/new/vending_machine.vhd:26]
ERROR: [Synth 8-2757] this construct is only supported in VHDL 1076-2008 [C:/Users/DasNiko/Documents/GitHub/VHDL/eece351/lab_9/lab_9.srcs/sources_1/new/vending_machine.vhd:26]
ERROR: [Synth 8-2757] this construct is only supported in VHDL 1076-2008 [C:/Users/DasNiko/Documents/GitHub/VHDL/eece351/lab_9/lab_9.srcs/sources_1/new/vending_machine.vhd:26]
ERROR: [Synth 8-2757] this construct is only supported in VHDL 1076-2008 [C:/Users/DasNiko/Documents/GitHub/VHDL/eece351/lab_9/lab_9.srcs/sources_1/new/vending_machine.vhd:27]
ERROR: [Synth 8-2757] this construct is only supported in VHDL 1076-2008 [C:/Users/DasNiko/Documents/GitHub/VHDL/eece351/lab_9/lab_9.srcs/sources_1/new/vending_machine.vhd:27]
ERROR: [Synth 8-2757] this construct is only supported in VHDL 1076-2008 [C:/Users/DasNiko/Documents/GitHub/VHDL/eece351/lab_9/lab_9.srcs/sources_1/new/vending_machine.vhd:27]
ERROR: [Synth 8-2757] this construct is only supported in VHDL 1076-2008 [C:/Users/DasNiko/Documents/GitHub/VHDL/eece351/lab_9/lab_9.srcs/sources_1/new/vending_machine.vhd:27]
ERROR: [Synth 8-2757] this construct is only supported in VHDL 1076-2008 [C:/Users/DasNiko/Documents/GitHub/VHDL/eece351/lab_9/lab_9.srcs/sources_1/new/vending_machine.vhd:28]
ERROR: [Synth 8-2757] this construct is only supported in VHDL 1076-2008 [C:/Users/DasNiko/Documents/GitHub/VHDL/eece351/lab_9/lab_9.srcs/sources_1/new/vending_machine.vhd:28]
ERROR: [Synth 8-2757] this construct is only supported in VHDL 1076-2008 [C:/Users/DasNiko/Documents/GitHub/VHDL/eece351/lab_9/lab_9.srcs/sources_1/new/vending_machine.vhd:28]
ERROR: [Synth 8-2757] this construct is only supported in VHDL 1076-2008 [C:/Users/DasNiko/Documents/GitHub/VHDL/eece351/lab_9/lab_9.srcs/sources_1/new/vending_machine.vhd:28]
ERROR: [Synth 8-2757] this construct is only supported in VHDL 1076-2008 [C:/Users/DasNiko/Documents/GitHub/VHDL/eece351/lab_9/lab_9.srcs/sources_1/new/vending_machine.vhd:29]
ERROR: [Synth 8-2757] this construct is only supported in VHDL 1076-2008 [C:/Users/DasNiko/Documents/GitHub/VHDL/eece351/lab_9/lab_9.srcs/sources_1/new/vending_machine.vhd:29]
ERROR: [Synth 8-2757] this construct is only supported in VHDL 1076-2008 [C:/Users/DasNiko/Documents/GitHub/VHDL/eece351/lab_9/lab_9.srcs/sources_1/new/vending_machine.vhd:29]
ERROR: [Synth 8-2757] this construct is only supported in VHDL 1076-2008 [C:/Users/DasNiko/Documents/GitHub/VHDL/eece351/lab_9/lab_9.srcs/sources_1/new/vending_machine.vhd:29]
ERROR: [Synth 8-2757] this construct is only supported in VHDL 1076-2008 [C:/Users/DasNiko/Documents/GitHub/VHDL/eece351/lab_9/lab_9.srcs/sources_1/new/vending_machine.vhd:30]
ERROR: [Synth 8-2757] this construct is only supported in VHDL 1076-2008 [C:/Users/DasNiko/Documents/GitHub/VHDL/eece351/lab_9/lab_9.srcs/sources_1/new/vending_machine.vhd:30]
ERROR: [Synth 8-2757] this construct is only supported in VHDL 1076-2008 [C:/Users/DasNiko/Documents/GitHub/VHDL/eece351/lab_9/lab_9.srcs/sources_1/new/vending_machine.vhd:30]
ERROR: [Synth 8-12189] Failed to read vhdl 'C:/Users/DasNiko/Documents/GitHub/VHDL/eece351/lab_9/lab_9.srcs/sources_1/new/vending_machine.vhd'
---------------------------------------------------------------------------------
Finished RTL Elaboration : Time (s): cpu = 00:00:06 ; elapsed = 00:00:07 . Memory (MB): peak = 1376.922 ; gain = 656.523
---------------------------------------------------------------------------------
RTL Elaboration failed
INFO: [Common 17-83] Releasing license: Synthesis
10 Infos, 1 Warnings, 0 Critical Warnings and 21 Errors encountered.
synth_design failed
synth_design: Time (s): cpu = 00:00:08 ; elapsed = 00:00:19 . Memory (MB): peak = 1376.922 ; gain = 844.262
ERROR: [Common 17-69] Command failed: Synthesis failed - please see the console or run log file for details
INFO: [Common 17-206] Exiting Vivado at Wed Jan 14 17:22:45 2026...
